<?xml version="1.0" encoding="UTF-8"?>
<!-- Generated by org.testng.reporters.JUnitXMLReporter -->
<testsuite ignored="1" hostname="DESKTOP-D8ARRET" failures="0" tests="2" name="Default test" time="0.153" errors="0" timestamp="04 May 2022 10:29:12 GMT">
  <testcase classname="sampleTestCase.Dependsonmethod" name="AppleMobile" time="0.048"/>
  <testcase classname="sampleTestCase.Dependsonmethod" name="VivoMobile" time="0.007"/>
  <testcase classname="sampleTestCase.Dependsonmethod" name="MotoMobile" time="0.0">
    <ignored/>
  </testcase> <!-- MotoMobile -->
</testsuite> <!-- Default test -->
