<?xml version="1.0" encoding="UTF-8"?>
<!-- Generated by org.testng.reporters.JUnitXMLReporter -->
<testsuite ignored="0" hostname="DESKTOP-D8ARRET" failures="0" tests="4" name="Default test" time="72.726" errors="0" timestamp="20 Apr 2022 17:14:29 GMT">
  <testcase classname="frameworkDemo.Login" name="loginwithBothCorrect" time="21.735"/>
  <testcase classname="frameworkDemo.Login" name="loginwithBothCorrect" time="17.3"/>
  <testcase classname="frameworkDemo.Login" name="loginwithBothCorrect" time="18.52"/>
  <testcase classname="frameworkDemo.Login" name="loginwithBothCorrect" time="14.939"/>
</testsuite> <!-- Default test -->
