<?xml version="1.0" encoding="UTF-8"?>
<!-- Generated by org.testng.reporters.JUnitXMLReporter -->
<testsuite ignored="4" hostname="DESKTOP-D8ARRET" failures="0" tests="4" name="Test" time="0.219" errors="0" timestamp="06 May 2022 04:52:59 GMT">
  <testcase classname="sampleTestCase.GroupingExample" name="lenovo1" time="0.033"/>
  <testcase classname="sampleTestCase.GroupingExample" name="lenovo2" time="0.005"/>
  <testcase classname="sampleTestCase.GroupingExample" name="moto1" time="0.007"/>
  <testcase classname="sampleTestCase.GroupingExample" name="moto2" time="0.021"/>
  <testcase classname="sampleTestCase.GroupingExample" name="apple2" time="0.0">
    <ignored/>
  </testcase> <!-- apple2 -->
  <testcase classname="sampleTestCase.GroupingExample" name="vivo1" time="0.0">
    <ignored/>
  </testcase> <!-- vivo1 -->
  <testcase classname="sampleTestCase.GroupingExample" name="vivo2" time="0.0">
    <ignored/>
  </testcase> <!-- vivo2 -->
  <testcase classname="sampleTestCase.GroupingExample" name="apple1" time="0.0">
    <ignored/>
  </testcase> <!-- apple1 -->
</testsuite> <!-- Test -->
