<?xml version="1.0" encoding="UTF-8"?>
<testng-results ignored="0" total="1" passed="1" failed="0" skipped="0">
  <reporter-output>
  </reporter-output>
  <suite started-at="2022-04-07T05:45:06Z" name="Default suite" finished-at="2022-04-07T05:45:06Z" duration-ms="543">
    <groups>
    </groups>
    <test started-at="2022-04-07T05:45:06Z" name="Default test" finished-at="2022-04-07T05:45:06Z" duration-ms="543">
      <class name="sampleRestApi.SampleGet">
        <test-method signature="getMethodExample()[pri:0, instance:sampleRestApi.SampleGet@119cbf96]" started-at="2022-04-07T05:45:06Z" name="getMethodExample" finished-at="2022-04-07T05:45:06Z" duration-ms="370" status="PASS">
          <reporter-output>
          </reporter-output>
        </test-method> <!-- getMethodExample -->
      </class> <!-- sampleRestApi.SampleGet -->
    </test> <!-- Default test -->
  </suite> <!-- Default suite -->
</testng-results>
