<?xml version="1.0" encoding="UTF-8"?>
<!-- Generated by org.testng.reporters.JUnitXMLReporter -->
<testsuite ignored="0" hostname="DESKTOP-D8ARRET" failures="0" tests="4" name="Login Test Cases" time="190.871" errors="0" timestamp="20 Apr 2022 04:54:55 GMT">
  <testcase classname="frameworkDemo.CorrectUserName" name="loginwithCorrectUserName" time="51.548"/>
  <testcase classname="frameworkDemo.CorrectPassword" name="loginwithCorrectPassword" time="32.533"/>
  <testcase classname="frameworkDemo.BothIncorrect" name="loginwithBothInCorrect" time="41.359"/>
  <testcase classname="frameworkDemo.BothCorrect" name="loginwithBothCorrect" time="64.638"/>
</testsuite> <!-- Login Test Cases -->
